<?xml version="1.0" encoding="UTF-8"?>
<!-- Generated by org.testng.reporters.JUnitXMLReporter -->
<testsuite ignored="0" hostname="DESKTOP-VC7TINH" failures="0" tests="4" name="Test" time="0.087" errors="0" timestamp="2022-08-18T21:13:15 IST">
  <testcase classname="Test_2.Test_D_8" name="test_A" time="0.012"/>
  <testcase classname="Test_2.Test_D_8" name="test_B" time="0.003"/>
  <testcase classname="Test_2.Test_D_8" name="test_C" time="0.004"/>
  <testcase classname="Test_2.Test_D_8" name="test_D" time="0.003"/>
</testsuite> <!-- Test -->
